[23-Jan-2023 22:37:14 UTC] PHP Warning:  Undefined property: stdClass::$color in E:\___\harcomia\themes\altum\views\partials\plans.php on line 56
[23-Jan-2023 22:37:14 UTC] PHP Warning:  Undefined property: stdClass::$price in E:\___\harcomia\themes\altum\views\partials\plans.php on line 61
[23-Jan-2023 22:37:14 UTC] PHP Warning:  Undefined property: stdClass::$description in E:\___\harcomia\themes\altum\views\partials\plans.php on line 64
[23-Jan-2023 22:37:14 UTC] PHP Warning:  Undefined property: stdClass::$biolink_blocks_limit in E:\___\harcomia\themes\altum\views\partials\plans_plan_content.php on line 10
[23-Jan-2023 22:37:14 UTC] PHP Warning:  Undefined property: stdClass::$biolink_blocks_limit in E:\___\harcomia\themes\altum\views\partials\plans_plan_content.php on line 10
[23-Jan-2023 22:37:14 UTC] PHP Warning:  Undefined property: stdClass::$files_limit in E:\___\harcomia\themes\altum\views\partials\plans_plan_content.php on line 47
[23-Jan-2023 22:37:14 UTC] PHP Warning:  Undefined property: stdClass::$files_limit in E:\___\harcomia\themes\altum\views\partials\plans_plan_content.php on line 47
[23-Jan-2023 22:37:14 UTC] PHP Warning:  Undefined property: stdClass::$vcards_limit in E:\___\harcomia\themes\altum\views\partials\plans_plan_content.php on line 53
[23-Jan-2023 22:37:14 UTC] PHP Warning:  Undefined property: stdClass::$vcards_limit in E:\___\harcomia\themes\altum\views\partials\plans_plan_content.php on line 53
[23-Jan-2023 22:37:14 UTC] PHP Warning:  Undefined property: stdClass::$events_is_enabled in E:\___\harcomia\themes\altum\views\partials\plans_plan_content.php on line 57
[23-Jan-2023 22:37:14 UTC] PHP Warning:  Undefined property: stdClass::$qr_codes_limit in E:\___\harcomia\themes\altum\views\partials\plans_plan_content.php on line 65
[23-Jan-2023 22:37:14 UTC] PHP Warning:  Undefined property: stdClass::$qr_codes_limit in E:\___\harcomia\themes\altum\views\partials\plans_plan_content.php on line 65
[23-Jan-2023 22:37:14 UTC] PHP Warning:  Undefined property: stdClass::$track_links_retention in E:\___\harcomia\themes\altum\views\partials\plans_plan_content.php on line 100
[23-Jan-2023 22:37:14 UTC] PHP Warning:  Undefined property: stdClass::$track_links_retention in E:\___\harcomia\themes\altum\views\partials\plans_plan_content.php on line 100
[23-Jan-2023 22:37:14 UTC] PHP Warning:  Undefined property: stdClass::$dofollow_is_enabled in E:\___\harcomia\themes\altum\views\partials\plans_plan_content.php on line 105
[23-Jan-2023 22:37:14 UTC] PHP Warning:  Undefined property: stdClass::$dofollow_is_enabled in E:\___\harcomia\themes\altum\views\partials\plans_plan_content.php on line 109
[23-Jan-2023 22:37:14 UTC] PHP Warning:  Undefined property: stdClass::$custom_css_is_enabled in E:\___\harcomia\themes\altum\views\partials\plans_plan_content.php on line 105
[23-Jan-2023 22:37:14 UTC] PHP Warning:  Undefined property: stdClass::$custom_css_is_enabled in E:\___\harcomia\themes\altum\views\partials\plans_plan_content.php on line 109
[23-Jan-2023 22:37:14 UTC] PHP Warning:  Undefined property: stdClass::$custom_js_is_enabled in E:\___\harcomia\themes\altum\views\partials\plans_plan_content.php on line 105
[23-Jan-2023 22:37:14 UTC] PHP Warning:  Undefined property: stdClass::$custom_js_is_enabled in E:\___\harcomia\themes\altum\views\partials\plans_plan_content.php on line 109
[23-Jan-2023 22:37:14 UTC] PHP Warning:  Attempt to read property "is_enabled" on string in E:\___\harcomia\themes\altum\views\partials\index_menu.php on line 28
[23-Jan-2023 22:37:14 UTC] PHP Warning:  Attempt to read property "is_enabled" on string in E:\___\harcomia\themes\altum\views\index\index.php on line 238
[23-Jan-2023 22:37:14 UTC] PHP Warning:  Attempt to read property "is_enabled" on string in E:\___\harcomia\themes\altum\views\partials\menu.php on line 28
[23-Jan-2023 22:37:14 UTC] PHP Warning:  Undefined property: stdClass::$contact in E:\___\harcomia\themes\altum\views\partials\footer.php on line 65
[23-Jan-2023 22:37:14 UTC] PHP Warning:  Undefined property: stdClass::$is_enabled in E:\___\harcomia\themes\altum\views\partials\footer.php on line 69
[23-Jan-2023 22:37:14 UTC] PHP Warning:  Undefined property: stdClass::$guests_content in E:\___\harcomia\themes\altum\views\partials\announcements.php on line 4
[23-Jan-2023 22:37:14 UTC] PHP Warning:  Undefined property: stdClass::$users_content in E:\___\harcomia\themes\altum\views\partials\announcements.php on line 4
[23-Jan-2023 22:37:14 UTC] PHP Warning:  Undefined property: stdClass::$is_enabled in E:\___\harcomia\themes\altum\views\partials\cookie_consent.php on line 3
[23-Jan-2023 22:40:25 UTC] PHP Warning:  Undefined property: stdClass::$color in E:\___\harcomia\themes\altum\views\partials\plans.php on line 56
[23-Jan-2023 22:40:25 UTC] PHP Warning:  Undefined property: stdClass::$price in E:\___\harcomia\themes\altum\views\partials\plans.php on line 61
[23-Jan-2023 22:40:25 UTC] PHP Warning:  Undefined property: stdClass::$description in E:\___\harcomia\themes\altum\views\partials\plans.php on line 64
[23-Jan-2023 22:40:25 UTC] PHP Warning:  Undefined property: stdClass::$biolink_blocks_limit in E:\___\harcomia\themes\altum\views\partials\plans_plan_content.php on line 10
[23-Jan-2023 22:40:25 UTC] PHP Warning:  Undefined property: stdClass::$biolink_blocks_limit in E:\___\harcomia\themes\altum\views\partials\plans_plan_content.php on line 10
[23-Jan-2023 22:40:25 UTC] PHP Warning:  Undefined property: stdClass::$files_limit in E:\___\harcomia\themes\altum\views\partials\plans_plan_content.php on line 47
[23-Jan-2023 22:40:25 UTC] PHP Warning:  Undefined property: stdClass::$files_limit in E:\___\harcomia\themes\altum\views\partials\plans_plan_content.php on line 47
[23-Jan-2023 22:40:25 UTC] PHP Warning:  Undefined property: stdClass::$vcards_limit in E:\___\harcomia\themes\altum\views\partials\plans_plan_content.php on line 53
[23-Jan-2023 22:40:25 UTC] PHP Warning:  Undefined property: stdClass::$vcards_limit in E:\___\harcomia\themes\altum\views\partials\plans_plan_content.php on line 53
[23-Jan-2023 22:40:25 UTC] PHP Warning:  Undefined property: stdClass::$events_is_enabled in E:\___\harcomia\themes\altum\views\partials\plans_plan_content.php on line 57
[23-Jan-2023 22:40:25 UTC] PHP Warning:  Undefined property: stdClass::$qr_codes_limit in E:\___\harcomia\themes\altum\views\partials\plans_plan_content.php on line 65
[23-Jan-2023 22:40:25 UTC] PHP Warning:  Undefined property: stdClass::$qr_codes_limit in E:\___\harcomia\themes\altum\views\partials\plans_plan_content.php on line 65
[23-Jan-2023 22:40:25 UTC] PHP Warning:  Undefined property: stdClass::$track_links_retention in E:\___\harcomia\themes\altum\views\partials\plans_plan_content.php on line 100
[23-Jan-2023 22:40:25 UTC] PHP Warning:  Undefined property: stdClass::$track_links_retention in E:\___\harcomia\themes\altum\views\partials\plans_plan_content.php on line 100
[23-Jan-2023 22:40:25 UTC] PHP Warning:  Undefined property: stdClass::$dofollow_is_enabled in E:\___\harcomia\themes\altum\views\partials\plans_plan_content.php on line 105
[23-Jan-2023 22:40:25 UTC] PHP Warning:  Undefined property: stdClass::$dofollow_is_enabled in E:\___\harcomia\themes\altum\views\partials\plans_plan_content.php on line 109
[23-Jan-2023 22:40:25 UTC] PHP Warning:  Undefined property: stdClass::$custom_css_is_enabled in E:\___\harcomia\themes\altum\views\partials\plans_plan_content.php on line 105
[23-Jan-2023 22:40:25 UTC] PHP Warning:  Undefined property: stdClass::$custom_css_is_enabled in E:\___\harcomia\themes\altum\views\partials\plans_plan_content.php on line 109
[23-Jan-2023 22:40:25 UTC] PHP Warning:  Undefined property: stdClass::$custom_js_is_enabled in E:\___\harcomia\themes\altum\views\partials\plans_plan_content.php on line 105
[23-Jan-2023 22:40:25 UTC] PHP Warning:  Undefined property: stdClass::$custom_js_is_enabled in E:\___\harcomia\themes\altum\views\partials\plans_plan_content.php on line 109
[23-Jan-2023 22:40:25 UTC] PHP Warning:  Attempt to read property "is_enabled" on string in E:\___\harcomia\themes\altum\views\partials\index_menu.php on line 28
[23-Jan-2023 22:40:25 UTC] PHP Warning:  Attempt to read property "is_enabled" on string in E:\___\harcomia\themes\altum\views\index\index.php on line 238
[23-Jan-2023 22:40:25 UTC] PHP Warning:  Attempt to read property "is_enabled" on string in E:\___\harcomia\themes\altum\views\partials\menu.php on line 28
[23-Jan-2023 22:40:25 UTC] PHP Warning:  Undefined property: stdClass::$contact in E:\___\harcomia\themes\altum\views\partials\footer.php on line 65
[23-Jan-2023 22:40:25 UTC] PHP Warning:  Undefined property: stdClass::$is_enabled in E:\___\harcomia\themes\altum\views\partials\footer.php on line 69
[23-Jan-2023 22:40:25 UTC] PHP Warning:  Undefined property: stdClass::$guests_content in E:\___\harcomia\themes\altum\views\partials\announcements.php on line 4
[23-Jan-2023 22:40:25 UTC] PHP Warning:  Undefined property: stdClass::$users_content in E:\___\harcomia\themes\altum\views\partials\announcements.php on line 4
[23-Jan-2023 22:40:25 UTC] PHP Warning:  Undefined property: stdClass::$is_enabled in E:\___\harcomia\themes\altum\views\partials\cookie_consent.php on line 3
