[07-Dec-2022 15:20:49 UTC] PHP Fatal error:  Uncaught Error: Call to a member function fetch_object() on bool in /var/www/vhosts/harcomia.com/link.harcomia.com/app/controllers/Index.php:35
Stack trace:
#0 [internal function]: Altum\Controllers\Index->index()
#1 /var/www/vhosts/harcomia.com/link.harcomia.com/app/core/App.php(194): call_user_func_array()
#2 /var/www/vhosts/harcomia.com/link.harcomia.com/index.php(20): Altum\App->__construct()
#3 {main}
  thrown in /var/www/vhosts/harcomia.com/link.harcomia.com/app/controllers/Index.php on line 35
[07-Dec-2022 16:04:11 UTC] PHP Warning:  array_map(): Expected parameter 2 to be an array, null given in /var/www/vhosts/harcomia.com/link.harcomia.com/app/core/Uploads.php on line 47
[07-Dec-2022 16:04:11 UTC] PHP Warning:  implode(): Invalid arguments passed in /var/www/vhosts/harcomia.com/link.harcomia.com/app/core/Uploads.php on line 47
[07-Dec-2022 16:04:11 UTC] PHP Warning:  array_map(): Expected parameter 2 to be an array, null given in /var/www/vhosts/harcomia.com/link.harcomia.com/app/core/Uploads.php on line 47
[07-Dec-2022 16:04:11 UTC] PHP Warning:  implode(): Invalid arguments passed in /var/www/vhosts/harcomia.com/link.harcomia.com/app/core/Uploads.php on line 47
[07-Dec-2022 19:15:14 UTC] PHP Warning:  array_map(): Expected parameter 2 to be an array, null given in /var/www/vhosts/harcomia.com/link.harcomia.com/app/core/Uploads.php on line 47
[07-Dec-2022 19:15:14 UTC] PHP Warning:  implode(): Invalid arguments passed in /var/www/vhosts/harcomia.com/link.harcomia.com/app/core/Uploads.php on line 47
[07-Dec-2022 19:15:14 UTC] PHP Warning:  array_map(): Expected parameter 2 to be an array, null given in /var/www/vhosts/harcomia.com/link.harcomia.com/app/core/Uploads.php on line 47
[07-Dec-2022 19:15:14 UTC] PHP Warning:  implode(): Invalid arguments passed in /var/www/vhosts/harcomia.com/link.harcomia.com/app/core/Uploads.php on line 47
[07-Dec-2022 19:19:43 UTC] PHP Warning:  array_map(): Expected parameter 2 to be an array, null given in /var/www/vhosts/harcomia.com/link.harcomia.com/app/core/Uploads.php on line 47
[07-Dec-2022 19:19:43 UTC] PHP Warning:  implode(): Invalid arguments passed in /var/www/vhosts/harcomia.com/link.harcomia.com/app/core/Uploads.php on line 47
[07-Dec-2022 19:19:43 UTC] PHP Warning:  array_map(): Expected parameter 2 to be an array, null given in /var/www/vhosts/harcomia.com/link.harcomia.com/app/core/Uploads.php on line 47
[07-Dec-2022 19:19:43 UTC] PHP Warning:  implode(): Invalid arguments passed in /var/www/vhosts/harcomia.com/link.harcomia.com/app/core/Uploads.php on line 47
[07-Dec-2022 19:20:19 UTC] PHP Warning:  array_map(): Expected parameter 2 to be an array, null given in /var/www/vhosts/harcomia.com/link.harcomia.com/app/core/Uploads.php on line 47
[07-Dec-2022 19:20:19 UTC] PHP Warning:  implode(): Invalid arguments passed in /var/www/vhosts/harcomia.com/link.harcomia.com/app/core/Uploads.php on line 47
[07-Dec-2022 19:20:19 UTC] PHP Warning:  array_map(): Expected parameter 2 to be an array, null given in /var/www/vhosts/harcomia.com/link.harcomia.com/app/core/Uploads.php on line 47
[07-Dec-2022 19:20:19 UTC] PHP Warning:  implode(): Invalid arguments passed in /var/www/vhosts/harcomia.com/link.harcomia.com/app/core/Uploads.php on line 47
[07-Dec-2022 20:58:48 UTC] PHP Warning:  array_map(): Expected parameter 2 to be an array, null given in /var/www/vhosts/harcomia.com/link.harcomia.com/app/core/Uploads.php on line 47
[07-Dec-2022 20:58:48 UTC] PHP Warning:  implode(): Invalid arguments passed in /var/www/vhosts/harcomia.com/link.harcomia.com/app/core/Uploads.php on line 47
[07-Dec-2022 20:58:48 UTC] PHP Warning:  array_map(): Expected parameter 2 to be an array, null given in /var/www/vhosts/harcomia.com/link.harcomia.com/app/core/Uploads.php on line 47
[07-Dec-2022 20:58:48 UTC] PHP Warning:  implode(): Invalid arguments passed in /var/www/vhosts/harcomia.com/link.harcomia.com/app/core/Uploads.php on line 47
